ids-rs on  main is 📦 v0.1.0 via 🦀 v1.86.0 took 7m47s
❯ ./target/debug/ids-rs population --bef ../../generated_data/parquet/bef --mfr ../../generated_data/parquet/mfr --output ../../TEST_OUT -vv
[2025-05-02 19:15:56] INFO  CORE [startup]: IDS-RS application starting

Generating Population Data
==========================
BEF Data: ../../generated_data/parquet/bef
MFR Data: ../../generated_data/parquet/mfr
Output Directory: ../../TEST_OUT
Birth Year Range: 1995 - 2018
[2025-05-02 19:15:56] INFO  CORE : Starting population generation
[2025-05-02 19:15:56] INFO  CORE : Reading BEF data from: "../../generated_data/parquet/bef"
[2025-05-02 19:16:03] INFO  CORE : Found 752 BEF batches
[2025-05-02 19:16:04] INFO  CORE : Loaded 5992565 rows from BEF data
[2025-05-02 19:16:04] INFO  CORE : Reading MFR data from: "../../generated_data/parquet/mfr"
[2025-05-02 19:16:05] INFO  CORE : Found 161 MFR batches
[2025-05-02 19:16:05] INFO  CORE : Loaded 1149413 rows from MFR data
[2025-05-02 19:16:05] INFO  CORE : Generating population data
[2025-05-02 19:16:07] INFO  CORE : BEF birth year distribution:
[2025-05-02 19:16:07] INFO  CORE :  - 1950: 103565 records
[2025-05-02 19:16:07] INFO  CORE :  - 1951: 102025 records
[2025-05-02 19:16:07] INFO  CORE :  - 1952: 103530 records
[2025-05-02 19:16:07] INFO  CORE :  - 1953: 101465 records
[2025-05-02 19:16:07] INFO  CORE :  - 1954: 104930 records
[2025-05-02 19:16:07] INFO  CORE :  - 1955: 102550 records
[2025-05-02 19:16:07] INFO  CORE :  - 1956: 105770 records
[2025-05-02 19:16:07] INFO  CORE :  - 1957: 101710 records
[2025-05-02 19:16:07] INFO  CORE :  - 1958: 101920 records
[2025-05-02 19:16:07] INFO  CORE :  - 1959: 104055 records
[2025-05-02 19:16:07] INFO  CORE :  - 1960: 102270 records
[2025-05-02 19:16:07] INFO  CORE :  - 1961: 100415 records
[2025-05-02 19:16:07] INFO  CORE :  - 1962: 103880 records
[2025-05-02 19:16:07] INFO  CORE :  - 1963: 100590 records
[2025-05-02 19:16:07] INFO  CORE :  - 1964: 103985 records
[2025-05-02 19:16:07] INFO  CORE :  - 1965: 102130 records
[2025-05-02 19:16:07] INFO  CORE :  - 1966: 104475 records
[2025-05-02 19:16:07] INFO  CORE :  - 1967: 100660 records
[2025-05-02 19:16:07] INFO  CORE :  - 1968: 101010 records
[2025-05-02 19:16:07] INFO  CORE :  - 1969: 104475 records
[2025-05-02 19:16:07] INFO  CORE :  - 1970: 101115 records
[2025-05-02 19:16:07] INFO  CORE :  - 1971: 103145 records
[2025-05-02 19:16:07] INFO  CORE :  - 1972: 104510 records
[2025-05-02 19:16:07] INFO  CORE :  - 1973: 101885 records
[2025-05-02 19:16:07] INFO  CORE :  - 1974: 102235 records
[2025-05-02 19:16:07] INFO  CORE :  - 1975: 101955 records
[2025-05-02 19:16:07] INFO  CORE :  - 1976: 102865 records
[2025-05-02 19:16:07] INFO  CORE :  - 1977: 101360 records
[2025-05-02 19:16:07] INFO  CORE :  - 1978: 101045 records
[2025-05-02 19:16:07] INFO  CORE :  - 1979: 102690 records
[2025-05-02 19:16:07] INFO  CORE :  - 1980: 103985 records
[2025-05-02 19:16:07] INFO  CORE :  - 1981: 102340 records
[2025-05-02 19:16:07] INFO  CORE :  - 1982: 98735 records
[2025-05-02 19:16:07] INFO  CORE :  - 1983: 101255 records
[2025-05-02 19:16:07] INFO  CORE :  - 1984: 103250 records
[2025-05-02 19:16:07] INFO  CORE :  - 1985: 104895 records
[2025-05-02 19:16:07] INFO  CORE :  - 1986: 103145 records
[2025-05-02 19:16:07] INFO  CORE :  - 1987: 100835 records
[2025-05-02 19:16:07] INFO  CORE :  - 1988: 101710 records
[2025-05-02 19:16:07] INFO  CORE :  - 1989: 99295 records
[2025-05-02 19:16:07] INFO  CORE :  - 1990: 102305 records
[2025-05-02 19:16:07] INFO  CORE :  - 1991: 100520 records
[2025-05-02 19:16:07] INFO  CORE :  - 1992: 102585 records
[2025-05-02 19:16:07] INFO  CORE :  - 1993: 103600 records
[2025-05-02 19:16:07] INFO  CORE :  - 1994: 100940 records
[2025-05-02 19:16:07] INFO  CORE :  - 1995: 100310 records
[2025-05-02 19:16:07] INFO  CORE :  - 1996: 102760 records
[2025-05-02 19:16:07] INFO  CORE :  - 1997: 98105 records
[2025-05-02 19:16:07] INFO  CORE :  - 1998: 101885 records
[2025-05-02 19:16:07] INFO  CORE :  - 1999: 101535 records
[2025-05-02 19:16:07] INFO  CORE :  - 2000: 101936 records
[2025-05-02 19:16:07] INFO  CORE :  - 2001: 97212 records
[2025-05-02 19:16:07] INFO  CORE :  - 2002: 94524 records
[2025-05-02 19:16:07] INFO  CORE :  - 2003: 93197 records
[2025-05-02 19:16:07] INFO  CORE :  - 2004: 89614 records
[2025-05-02 19:16:07] INFO  CORE :  - 2005: 86338 records
[2025-05-02 19:16:07] INFO  CORE :  - 2006: 83301 records
[2025-05-02 19:16:07] INFO  CORE :  - 2007: 81313 records
[2025-05-02 19:16:07] INFO  CORE :  - 2008: 79055 records
[2025-05-02 19:16:07] INFO  CORE :  - 2009: 73870 records
[2025-05-02 19:16:07] INFO  CORE : BEF null date values: 0
[2025-05-02 19:16:07] INFO  CORE : BEF invalid date values: 0
[2025-05-02 19:16:08] INFO  CORE : BEF valid PNR count: 5992565/5992565
[2025-05-02 19:16:09] INFO  CORE : MFR birth year distribution:
[2025-05-02 19:16:09] INFO  CORE :  - 2000: 50000 records
[2025-05-02 19:16:09] INFO  CORE :  - 2001: 49969 records
[2025-05-02 19:16:09] INFO  CORE :  - 2002: 49965 records
[2025-05-02 19:16:09] INFO  CORE :  - 2003: 49965 records
[2025-05-02 19:16:09] INFO  CORE :  - 2004: 50000 records
[2025-05-02 19:16:09] INFO  CORE :  - 2005: 49967 records
[2025-05-02 19:16:09] INFO  CORE :  - 2006: 49954 records
[2025-05-02 19:16:09] INFO  CORE :  - 2007: 49964 records
[2025-05-02 19:16:09] INFO  CORE :  - 2008: 50000 records
[2025-05-02 19:16:09] INFO  CORE :  - 2009: 49959 records
[2025-05-02 19:16:09] INFO  CORE :  - 2010: 49958 records
[2025-05-02 19:16:09] INFO  CORE :  - 2011: 49969 records
[2025-05-02 19:16:09] INFO  CORE :  - 2012: 50000 records
[2025-05-02 19:16:09] INFO  CORE :  - 2013: 49968 records
[2025-05-02 19:16:09] INFO  CORE :  - 2014: 49963 records
[2025-05-02 19:16:09] INFO  CORE :  - 2015: 49968 records
[2025-05-02 19:16:09] INFO  CORE :  - 2016: 50000 records
[2025-05-02 19:16:09] INFO  CORE :  - 2017: 49970 records
[2025-05-02 19:16:09] INFO  CORE :  - 2018: 49973 records
[2025-05-02 19:16:09] INFO  CORE :  - 2019: 49971 records
[2025-05-02 19:16:09] INFO  CORE :  - 2020: 50000 records
[2025-05-02 19:16:09] INFO  CORE :  - 2021: 49966 records
[2025-05-02 19:16:09] INFO  CORE :  - 2022: 49964 records
[2025-05-02 19:16:09] INFO  CORE : MFR null date values: 0
[2025-05-02 19:16:09] INFO  CORE : MFR invalid date values: 0
[2025-05-02 19:16:09] INFO  CORE : MFR valid PNR count: 1149413/1149413
[2025-05-02 19:16:09] INFO  CORE : BEF data before filtering: 5992565 rows, year range: 1995 to 2018
[2025-05-02 19:16:12] INFO  CORE : BEF data after filtering: 1384955 rows
[2025-05-02 19:16:12] INFO  CORE : MFR data before filtering: 1149413 rows, year range: 1995 to 2018
[2025-05-02 19:16:12] INFO  CORE : MFR data after filtering: 949512 rows
[2025-05-02 19:16:12] INFO  CORE : Combining data: 1384955 BEF records, 949512 MFR records
[2025-05-02 19:16:15] INFO  CORE : PNR set sizes: BEF=43334, MFR=942459
[2025-05-02 19:16:15] INFO  CORE : Records only in BEF: 43334, only in MFR: 942459
[2025-05-02 19:16:16] INFO  CORE : Total unique PNRs after combining: 985793
[2025-05-02 19:16:22] INFO  CORE : Processing parent data from 5992565 BEF records
[2025-05-02 19:16:51] INFO  CORE : Processed 5992565 parent records: 5992565 with valid dates, 0 with missing dates, 0 empty PNRs, 0 null PNRs
[2025-05-02 19:16:51] INFO  CORE : Parent map size: 174929 unique parents
[2025-05-02 19:16:51] INFO  CORE : Creating family data from 985793 children records and 174929 parent records
[2025-05-02 19:17:03] INFO  CORE : Processed 985793 valid children records, 0 had errors
[2025-05-02 19:17:04] INFO  CORE : Created family data with 985793 records
[2025-05-02 19:17:06] INFO  CORE : Population Summary:
[2025-05-02 19:17:06] INFO  CORE :  - Total BEF records: 1384955
[2025-05-02 19:17:06] INFO  CORE :  - Total MFR records: 949512
[2025-05-02 19:17:06] INFO  CORE :  - BEF missing father: 0
[2025-05-02 19:17:06] INFO  CORE :  - BEF missing mother: 0
[2025-05-02 19:17:06] INFO  CORE :  - MFR missing father: 0
[2025-05-02 19:17:06] INFO  CORE :  - MFR missing mother: 0
[2025-05-02 19:17:06] INFO  CORE :  - Records only in BEF: 43334
[2025-05-02 19:17:06] INFO  CORE :  - Records only in MFR: 942459
[2025-05-02 19:17:06] INFO  CORE :  - Total combined records: 985793
[2025-05-02 19:17:06] INFO  CORE :  - Combined missing father: 0
[2025-05-02 19:17:06] INFO  CORE :  - Combined missing mother: 0
[2025-05-02 19:17:06] INFO  CORE : Generated population data with 985793 records
[2025-05-02 19:17:06] INFO  CORE : Saving population data to: "../../TEST_OUT/population.parquet"
[2025-05-02 19:17:07] INFO  CORE : Saving summary reports to: "../../TEST_OUT/reports"
[2025-05-02 19:17:09] INFO  CORE : Population generation completed successfully
✓ Population generation completed
